<?xml version="1.0" encoding="UTF-8"?>
<testsuite name="AppTest" tests="7" skipped="0" failures="0" errors="0" timestamp="2021-11-04T21:23:38" hostname="LTUCSTUDENT-L09" time="0.047">
  <properties/>
  <testcase name="getFromCollision()" classname="AppTest" time="0.031"/>
  <testcase name="Tast1()" classname="AppTest" time="0.002"/>
  <testcase name="Test2()" classname="AppTest" time="0.001"/>
  <testcase name="Test3()" classname="AppTest" time="0.001"/>
  <testcase name="Test4()" classname="AppTest" time="0.002"/>
  <testcase name="Test5()" classname="AppTest" time="0.002"/>
  <testcase name="Test6()" classname="AppTest" time="0.001"/>
  <system-out><![CDATA[]]></system-out>
  <system-err><![CDATA[]]></system-err>
</testsuite>
