<?xml version="1.0" encoding="UTF-8"?>
<testsuite name="AppTest" tests="8" skipped="0" failures="0" errors="0" timestamp="2021-11-07T12:26:19" hostname="LTUCSTUDENT-L09" time="0.041">
  <properties/>
  <testcase name="getFromCollision()" classname="AppTest" time="0.027"/>
  <testcase name="Tast1()" classname="AppTest" time="0.001"/>
  <testcase name="Test2()" classname="AppTest" time="0.002"/>
  <testcase name="Test3()" classname="AppTest" time="0.001"/>
  <testcase name="Test4()" classname="AppTest" time="0.001"/>
  <testcase name="Test5()" classname="AppTest" time="0.002"/>
  <testcase name="Test6()" classname="AppTest" time="0.001"/>
  <testcase name="RepeatedWordTest()" classname="AppTest" time="0.002"/>
  <system-out><![CDATA[]]></system-out>
  <system-err><![CDATA[]]></system-err>
</testsuite>
